The system is: Linux - 4.1.24-1-MANJARO - i686
Compiling the C compiler identification source file "CMakeCCompilerId.c" succeeded.
Compiler: /usr/bin/cc 
Build flags: 
Id flags: 

The output was:
0


Compilation of the C compiler identification source "CMakeCCompilerId.c" produced "a.out"

The C compiler identification is GNU, found in "/home/danailbd/workspace/uni/teaching/OS/exer12/CMakeFiles/3.5.2/CompilerIdC/a.out"

Determining if the C compiler works passed with the following output:
Change Dir: /home/danailbd/workspace/uni/teaching/OS/exer12/CMakeFiles/CMakeTmp

Run Build Command:"/usr/bin/make" "cmTC_82c14/fast"
/usr/bin/make -f CMakeFiles/cmTC_82c14.dir/build.make CMakeFiles/cmTC_82c14.dir/build
make[1]: Entering directory '/home/danailbd/workspace/uni/teaching/OS/exer12/CMakeFiles/CMakeTmp'
Building C object CMakeFiles/cmTC_82c14.dir/testCCompiler.c.o
/usr/bin/cc     -o CMakeFiles/cmTC_82c14.dir/testCCompiler.c.o   -c /home/danailbd/workspace/uni/teaching/OS/exer12/CMakeFiles/CMakeTmp/testCCompiler.c
Linking C executable cmTC_82c14
/usr/bin/cmake -E cmake_link_script CMakeFiles/cmTC_82c14.dir/link.txt --verbose=1
/usr/bin/cc       CMakeFiles/cmTC_82c14.dir/testCCompiler.c.o  -o cmTC_82c14 -rdynamic 
make[1]: Leaving directory '/home/danailbd/workspace/uni/teaching/OS/exer12/CMakeFiles/CMakeTmp'


Detecting C compiler ABI info compiled with the following output:
Change Dir: /home/danailbd/workspace/uni/teaching/OS/exer12/CMakeFiles/CMakeTmp

Run Build Command:"/usr/bin/make" "cmTC_41397/fast"
/usr/bin/make -f CMakeFiles/cmTC_41397.dir/build.make CMakeFiles/cmTC_41397.dir/build
make[1]: Entering directory '/home/danailbd/workspace/uni/teaching/OS/exer12/CMakeFiles/CMakeTmp'
Building C object CMakeFiles/cmTC_41397.dir/CMakeCCompilerABI.c.o
/usr/bin/cc     -o CMakeFiles/cmTC_41397.dir/CMakeCCompilerABI.c.o   -c /usr/share/cmake-3.5/Modules/CMakeCCompilerABI.c
Linking C executable cmTC_41397
/usr/bin/cmake -E cmake_link_script CMakeFiles/cmTC_41397.dir/link.txt --verbose=1
/usr/bin/cc      -v CMakeFiles/cmTC_41397.dir/CMakeCCompilerABI.c.o  -o cmTC_41397 -rdynamic  
Using built-in specs.
COLLECT_GCC=/usr/bin/cc
COLLECT_LTO_WRAPPER=/usr/lib/gcc/i686-pc-linux-gnu/6.1.1/lto-wrapper
Target: i686-pc-linux-gnu
Configured with: /build/gcc/src/gcc/configure --prefix=/usr --libdir=/usr/lib --libexecdir=/usr/lib --mandir=/usr/share/man --infodir=/usr/share/info --with-bugurl=https://bugs.archlinux.org/ --enable-languages=c,c++,ada,fortran,go,lto,objc,obj-c++ --enable-shared --enable-threads=posix --enable-libmpx --with-system-zlib --with-isl --enable-__cxa_atexit --disable-libunwind-exceptions --enable-clocale=gnu --disable-libstdcxx-pch --disable-libssp --enable-gnu-unique-object --enable-linker-build-id --enable-lto --enable-plugin --enable-install-libiberty --with-linker-hash-style=gnu --enable-gnu-indirect-function --disable-multilib --disable-werror --enable-checking=release
Thread model: posix
gcc version 6.1.1 20160501 (GCC) 
COMPILER_PATH=/usr/lib/gcc/i686-pc-linux-gnu/6.1.1/:/usr/lib/gcc/i686-pc-linux-gnu/6.1.1/:/usr/lib/gcc/i686-pc-linux-gnu/:/usr/lib/gcc/i686-pc-linux-gnu/6.1.1/:/usr/lib/gcc/i686-pc-linux-gnu/
LIBRARY_PATH=/usr/lib/gcc/i686-pc-linux-gnu/6.1.1/:/usr/lib/gcc/i686-pc-linux-gnu/6.1.1/../../../:/lib/:/usr/lib/
COLLECT_GCC_OPTIONS='-v' '-o' 'cmTC_41397' '-rdynamic' '-mtune=generic' '-march=pentiumpro'
 /usr/lib/gcc/i686-pc-linux-gnu/6.1.1/collect2 -plugin /usr/lib/gcc/i686-pc-linux-gnu/6.1.1/liblto_plugin.so -plugin-opt=/usr/lib/gcc/i686-pc-linux-gnu/6.1.1/lto-wrapper -plugin-opt=-fresolution=/tmp/cc79RJBb.res -plugin-opt=-pass-through=-lgcc -plugin-opt=-pass-through=-lgcc_s -plugin-opt=-pass-through=-lc -plugin-opt=-pass-through=-lgcc -plugin-opt=-pass-through=-lgcc_s --build-id --eh-frame-hdr --hash-style=gnu -m elf_i386 -export-dynamic -dynamic-linker /lib/ld-linux.so.2 -o cmTC_41397 /usr/lib/gcc/i686-pc-linux-gnu/6.1.1/../../../crt1.o /usr/lib/gcc/i686-pc-linux-gnu/6.1.1/../../../crti.o /usr/lib/gcc/i686-pc-linux-gnu/6.1.1/crtbegin.o -L/usr/lib/gcc/i686-pc-linux-gnu/6.1.1 -L/usr/lib/gcc/i686-pc-linux-gnu/6.1.1/../../.. CMakeFiles/cmTC_41397.dir/CMakeCCompilerABI.c.o -lgcc --as-needed -lgcc_s --no-as-needed -lc -lgcc --as-needed -lgcc_s --no-as-needed /usr/lib/gcc/i686-pc-linux-gnu/6.1.1/crtend.o /usr/lib/gcc/i686-pc-linux-gnu/6.1.1/../../../crtn.o
COLLECT_GCC_OPTIONS='-v' '-o' 'cmTC_41397' '-rdynamic' '-mtune=generic' '-march=pentiumpro'
make[1]: Leaving directory '/home/danailbd/workspace/uni/teaching/OS/exer12/CMakeFiles/CMakeTmp'


Parsed C implicit link information from above output:
  link line regex: [^( *|.*[/\])(ld|([^/\]+-)?ld|collect2)[^/\]*( |$)]
  ignore line: [Change Dir: /home/danailbd/workspace/uni/teaching/OS/exer12/CMakeFiles/CMakeTmp]
  ignore line: []
  ignore line: [Run Build Command:"/usr/bin/make" "cmTC_41397/fast"]
  ignore line: [/usr/bin/make -f CMakeFiles/cmTC_41397.dir/build.make CMakeFiles/cmTC_41397.dir/build]
  ignore line: [make[1]: Entering directory '/home/danailbd/workspace/uni/teaching/OS/exer12/CMakeFiles/CMakeTmp']
  ignore line: [Building C object CMakeFiles/cmTC_41397.dir/CMakeCCompilerABI.c.o]
  ignore line: [/usr/bin/cc     -o CMakeFiles/cmTC_41397.dir/CMakeCCompilerABI.c.o   -c /usr/share/cmake-3.5/Modules/CMakeCCompilerABI.c]
  ignore line: [Linking C executable cmTC_41397]
  ignore line: [/usr/bin/cmake -E cmake_link_script CMakeFiles/cmTC_41397.dir/link.txt --verbose=1]
  ignore line: [/usr/bin/cc      -v CMakeFiles/cmTC_41397.dir/CMakeCCompilerABI.c.o  -o cmTC_41397 -rdynamic  ]
  ignore line: [Using built-in specs.]
  ignore line: [COLLECT_GCC=/usr/bin/cc]
  ignore line: [COLLECT_LTO_WRAPPER=/usr/lib/gcc/i686-pc-linux-gnu/6.1.1/lto-wrapper]
  ignore line: [Target: i686-pc-linux-gnu]
  ignore line: [Configured with: /build/gcc/src/gcc/configure --prefix=/usr --libdir=/usr/lib --libexecdir=/usr/lib --mandir=/usr/share/man --infodir=/usr/share/info --with-bugurl=https://bugs.archlinux.org/ --enable-languages=c,c++,ada,fortran,go,lto,objc,obj-c++ --enable-shared --enable-threads=posix --enable-libmpx --with-system-zlib --with-isl --enable-__cxa_atexit --disable-libunwind-exceptions --enable-clocale=gnu --disable-libstdcxx-pch --disable-libssp --enable-gnu-unique-object --enable-linker-build-id --enable-lto --enable-plugin --enable-install-libiberty --with-linker-hash-style=gnu --enable-gnu-indirect-function --disable-multilib --disable-werror --enable-checking=release]
  ignore line: [Thread model: posix]
  ignore line: [gcc version 6.1.1 20160501 (GCC) ]
  ignore line: [COMPILER_PATH=/usr/lib/gcc/i686-pc-linux-gnu/6.1.1/:/usr/lib/gcc/i686-pc-linux-gnu/6.1.1/:/usr/lib/gcc/i686-pc-linux-gnu/:/usr/lib/gcc/i686-pc-linux-gnu/6.1.1/:/usr/lib/gcc/i686-pc-linux-gnu/]
  ignore line: [LIBRARY_PATH=/usr/lib/gcc/i686-pc-linux-gnu/6.1.1/:/usr/lib/gcc/i686-pc-linux-gnu/6.1.1/../../../:/lib/:/usr/lib/]
  ignore line: [COLLECT_GCC_OPTIONS='-v' '-o' 'cmTC_41397' '-rdynamic' '-mtune=generic' '-march=pentiumpro']
  link line: [ /usr/lib/gcc/i686-pc-linux-gnu/6.1.1/collect2 -plugin /usr/lib/gcc/i686-pc-linux-gnu/6.1.1/liblto_plugin.so -plugin-opt=/usr/lib/gcc/i686-pc-linux-gnu/6.1.1/lto-wrapper -plugin-opt=-fresolution=/tmp/cc79RJBb.res -plugin-opt=-pass-through=-lgcc -plugin-opt=-pass-through=-lgcc_s -plugin-opt=-pass-through=-lc -plugin-opt=-pass-through=-lgcc -plugin-opt=-pass-through=-lgcc_s --build-id --eh-frame-hdr --hash-style=gnu -m elf_i386 -export-dynamic -dynamic-linker /lib/ld-linux.so.2 -o cmTC_41397 /usr/lib/gcc/i686-pc-linux-gnu/6.1.1/../../../crt1.o /usr/lib/gcc/i686-pc-linux-gnu/6.1.1/../../../crti.o /usr/lib/gcc/i686-pc-linux-gnu/6.1.1/crtbegin.o -L/usr/lib/gcc/i686-pc-linux-gnu/6.1.1 -L/usr/lib/gcc/i686-pc-linux-gnu/6.1.1/../../.. CMakeFiles/cmTC_41397.dir/CMakeCCompilerABI.c.o -lgcc --as-needed -lgcc_s --no-as-needed -lc -lgcc --as-needed -lgcc_s --no-as-needed /usr/lib/gcc/i686-pc-linux-gnu/6.1.1/crtend.o /usr/lib/gcc/i686-pc-linux-gnu/6.1.1/../../../crtn.o]
    arg [/usr/lib/gcc/i686-pc-linux-gnu/6.1.1/collect2] ==> ignore
    arg [-plugin] ==> ignore
    arg [/usr/lib/gcc/i686-pc-linux-gnu/6.1.1/liblto_plugin.so] ==> ignore
    arg [-plugin-opt=/usr/lib/gcc/i686-pc-linux-gnu/6.1.1/lto-wrapper] ==> ignore
    arg [-plugin-opt=-fresolution=/tmp/cc79RJBb.res] ==> ignore
    arg [-plugin-opt=-pass-through=-lgcc] ==> ignore
    arg [-plugin-opt=-pass-through=-lgcc_s] ==> ignore
    arg [-plugin-opt=-pass-through=-lc] ==> ignore
    arg [-plugin-opt=-pass-through=-lgcc] ==> ignore
    arg [-plugin-opt=-pass-through=-lgcc_s] ==> ignore
    arg [--build-id] ==> ignore
    arg [--eh-frame-hdr] ==> ignore
    arg [--hash-style=gnu] ==> ignore
    arg [-m] ==> ignore
    arg [elf_i386] ==> ignore
    arg [-export-dynamic] ==> ignore
    arg [-dynamic-linker] ==> ignore
    arg [/lib/ld-linux.so.2] ==> ignore
    arg [-o] ==> ignore
    arg [cmTC_41397] ==> ignore
    arg [/usr/lib/gcc/i686-pc-linux-gnu/6.1.1/../../../crt1.o] ==> ignore
    arg [/usr/lib/gcc/i686-pc-linux-gnu/6.1.1/../../../crti.o] ==> ignore
    arg [/usr/lib/gcc/i686-pc-linux-gnu/6.1.1/crtbegin.o] ==> ignore
    arg [-L/usr/lib/gcc/i686-pc-linux-gnu/6.1.1] ==> dir [/usr/lib/gcc/i686-pc-linux-gnu/6.1.1]
    arg [-L/usr/lib/gcc/i686-pc-linux-gnu/6.1.1/../../..] ==> dir [/usr/lib/gcc/i686-pc-linux-gnu/6.1.1/../../..]
    arg [CMakeFiles/cmTC_41397.dir/CMakeCCompilerABI.c.o] ==> ignore
    arg [-lgcc] ==> lib [gcc]
    arg [--as-needed] ==> ignore
    arg [-lgcc_s] ==> lib [gcc_s]
    arg [--no-as-needed] ==> ignore
    arg [-lc] ==> lib [c]
    arg [-lgcc] ==> lib [gcc]
    arg [--as-needed] ==> ignore
    arg [-lgcc_s] ==> lib [gcc_s]
    arg [--no-as-needed] ==> ignore
    arg [/usr/lib/gcc/i686-pc-linux-gnu/6.1.1/crtend.o] ==> ignore
    arg [/usr/lib/gcc/i686-pc-linux-gnu/6.1.1/../../../crtn.o] ==> ignore
  remove lib [gcc]
  remove lib [gcc_s]
  remove lib [gcc]
  remove lib [gcc_s]
  collapse library dir [/usr/lib/gcc/i686-pc-linux-gnu/6.1.1] ==> [/usr/lib/gcc/i686-pc-linux-gnu/6.1.1]
  collapse library dir [/usr/lib/gcc/i686-pc-linux-gnu/6.1.1/../../..] ==> [/usr/lib]
  implicit libs: [c]
  implicit dirs: [/usr/lib/gcc/i686-pc-linux-gnu/6.1.1;/usr/lib]
  implicit fwks: []




Detecting C [-std=c11] compiler features compiled with the following output:
Change Dir: /home/danailbd/workspace/uni/teaching/OS/exer12/CMakeFiles/CMakeTmp

Run Build Command:"/usr/bin/make" "cmTC_9bb5c/fast"
/usr/bin/make -f CMakeFiles/cmTC_9bb5c.dir/build.make CMakeFiles/cmTC_9bb5c.dir/build
make[1]: Entering directory '/home/danailbd/workspace/uni/teaching/OS/exer12/CMakeFiles/CMakeTmp'
Building C object CMakeFiles/cmTC_9bb5c.dir/feature_tests.c.o
/usr/bin/cc    -std=c11 -o CMakeFiles/cmTC_9bb5c.dir/feature_tests.c.o   -c /home/danailbd/workspace/uni/teaching/OS/exer12/CMakeFiles/feature_tests.c
Linking C executable cmTC_9bb5c
/usr/bin/cmake -E cmake_link_script CMakeFiles/cmTC_9bb5c.dir/link.txt --verbose=1
/usr/bin/cc       CMakeFiles/cmTC_9bb5c.dir/feature_tests.c.o  -o cmTC_9bb5c -rdynamic 
make[1]: Leaving directory '/home/danailbd/workspace/uni/teaching/OS/exer12/CMakeFiles/CMakeTmp'


    Feature record: C_FEATURE:1c_function_prototypes
    Feature record: C_FEATURE:1c_restrict
    Feature record: C_FEATURE:1c_static_assert
    Feature record: C_FEATURE:1c_variadic_macros


Detecting C [-std=c99] compiler features compiled with the following output:
Change Dir: /home/danailbd/workspace/uni/teaching/OS/exer12/CMakeFiles/CMakeTmp

Run Build Command:"/usr/bin/make" "cmTC_32157/fast"
/usr/bin/make -f CMakeFiles/cmTC_32157.dir/build.make CMakeFiles/cmTC_32157.dir/build
make[1]: Entering directory '/home/danailbd/workspace/uni/teaching/OS/exer12/CMakeFiles/CMakeTmp'
Building C object CMakeFiles/cmTC_32157.dir/feature_tests.c.o
/usr/bin/cc    -std=c99 -o CMakeFiles/cmTC_32157.dir/feature_tests.c.o   -c /home/danailbd/workspace/uni/teaching/OS/exer12/CMakeFiles/feature_tests.c
Linking C executable cmTC_32157
/usr/bin/cmake -E cmake_link_script CMakeFiles/cmTC_32157.dir/link.txt --verbose=1
/usr/bin/cc       CMakeFiles/cmTC_32157.dir/feature_tests.c.o  -o cmTC_32157 -rdynamic 
make[1]: Leaving directory '/home/danailbd/workspace/uni/teaching/OS/exer12/CMakeFiles/CMakeTmp'


    Feature record: C_FEATURE:1c_function_prototypes
    Feature record: C_FEATURE:1c_restrict
    Feature record: C_FEATURE:0c_static_assert
    Feature record: C_FEATURE:1c_variadic_macros


Detecting C [-std=c90] compiler features compiled with the following output:
Change Dir: /home/danailbd/workspace/uni/teaching/OS/exer12/CMakeFiles/CMakeTmp

Run Build Command:"/usr/bin/make" "cmTC_3bf7b/fast"
/usr/bin/make -f CMakeFiles/cmTC_3bf7b.dir/build.make CMakeFiles/cmTC_3bf7b.dir/build
make[1]: Entering directory '/home/danailbd/workspace/uni/teaching/OS/exer12/CMakeFiles/CMakeTmp'
Building C object CMakeFiles/cmTC_3bf7b.dir/feature_tests.c.o
/usr/bin/cc    -std=c90 -o CMakeFiles/cmTC_3bf7b.dir/feature_tests.c.o   -c /home/danailbd/workspace/uni/teaching/OS/exer12/CMakeFiles/feature_tests.c
Linking C executable cmTC_3bf7b
/usr/bin/cmake -E cmake_link_script CMakeFiles/cmTC_3bf7b.dir/link.txt --verbose=1
/usr/bin/cc       CMakeFiles/cmTC_3bf7b.dir/feature_tests.c.o  -o cmTC_3bf7b -rdynamic 
make[1]: Leaving directory '/home/danailbd/workspace/uni/teaching/OS/exer12/CMakeFiles/CMakeTmp'


    Feature record: C_FEATURE:1c_function_prototypes
    Feature record: C_FEATURE:0c_restrict
    Feature record: C_FEATURE:0c_static_assert
    Feature record: C_FEATURE:0c_variadic_macros
